Grammar

    0 $accept: statementlist $end

    1 statementlist: statement
    2              | statement statementlist

    3 statement: INT
    4          | ID
    5          | BOOL
    6          | BOOLCONST
    7          | NUMCONST
    8          | ADDASS
    9          | SUBASS
   10          | DIVASS
   11          | MULASS
   12          | EQ
   13          | LEQ
   14          | GEQ
   15          | NEQ
   16          | AND
   17          | OR
   18          | NOT
   19          | IF
   20          | THEN
   21          | TO
   22          | ELSIF
   23          | ELSE
   24          | WHILE
   25          | DO
   26          | BY
   27          | BREAK
   28          | MIN
   29          | MAX
   30          | LOOP
   31          | FOR
   32          | RANGE
   33          | FOREVER
   34          | STATIC
   35          | RETURN
   36          | CHAR
   37          | DEC
   38          | INC
   39          | CHARCONST
   40          | STRINGCONST
   41          | UNDEFINED
   42          | ';'
   43          | ','
   44          | '['
   45          | ']'
   46          | '('
   47          | ')'
   48          | '{'
   49          | '}'
   50          | '='
   51          | '<'
   52          | '>'
   53          | '+'
   54          | '-'
   55          | '*'
   56          | '/'
   57          | '%'
   58          | '?'
   59          | ':'


Terminals, with rules where they appear

$end (0) 0
'%' (37) 57
'(' (40) 46
')' (41) 47
'*' (42) 55
'+' (43) 53
',' (44) 43
'-' (45) 54
'/' (47) 56
':' (58) 59
';' (59) 42
'<' (60) 51
'=' (61) 50
'>' (62) 52
'?' (63) 58
'[' (91) 44
']' (93) 45
'{' (123) 48
'}' (125) 49
error (256)
INT (258) 3
ID (259) 4
BOOL (260) 5
BY (261) 26
BOOLCONST (262) 6
NUMCONST (263) 7
MIN (264) 28
MAX (265) 29
ADDASS (266) 8
SUBASS (267) 9
DIVASS (268) 10
MULASS (269) 11
EQ (270) 12
LEQ (271) 13
GEQ (272) 14
NEQ (273) 15
AND (274) 16
OR (275) 17
NOT (276) 18
IF (277) 19
THEN (278) 20
TO (279) 21
ELSIF (280) 22
ELSE (281) 23
WHILE (282) 24
FOR (283) 31
DO (284) 25
BREAK (285) 27
LOOP (286) 30
RANGE (287) 32
FOREVER (288) 33
STATIC (289) 34
RETURN (290) 35
CHAR (291) 36
DEC (292) 37
INC (293) 38
CHARCONST (294) 39
STRINGCONST (295) 40
UNDEFINED (296) 41


Nonterminals, with rules where they appear

$accept (60)
    on left: 0
statementlist (61)
    on left: 1 2, on right: 0 2
statement (62)
    on left: 3 4 5 6 7 8 9 10 11 12 13 14 15 16 17 18 19 20 21 22 23
    24 25 26 27 28 29 30 31 32 33 34 35 36 37 38 39 40 41 42 43 44
    45 46 47 48 49 50 51 52 53 54 55 56 57 58 59, on right: 1 2


state 0

    0 $accept: . statementlist $end

    INT          shift, and go to state 1
    ID           shift, and go to state 2
    BOOL         shift, and go to state 3
    BY           shift, and go to state 4
    BOOLCONST    shift, and go to state 5
    NUMCONST     shift, and go to state 6
    MIN          shift, and go to state 7
    MAX          shift, and go to state 8
    ADDASS       shift, and go to state 9
    SUBASS       shift, and go to state 10
    DIVASS       shift, and go to state 11
    MULASS       shift, and go to state 12
    EQ           shift, and go to state 13
    LEQ          shift, and go to state 14
    GEQ          shift, and go to state 15
    NEQ          shift, and go to state 16
    AND          shift, and go to state 17
    OR           shift, and go to state 18
    NOT          shift, and go to state 19
    IF           shift, and go to state 20
    THEN         shift, and go to state 21
    TO           shift, and go to state 22
    ELSIF        shift, and go to state 23
    ELSE         shift, and go to state 24
    WHILE        shift, and go to state 25
    FOR          shift, and go to state 26
    DO           shift, and go to state 27
    BREAK        shift, and go to state 28
    LOOP         shift, and go to state 29
    RANGE        shift, and go to state 30
    FOREVER      shift, and go to state 31
    STATIC       shift, and go to state 32
    RETURN       shift, and go to state 33
    CHAR         shift, and go to state 34
    DEC          shift, and go to state 35
    INC          shift, and go to state 36
    CHARCONST    shift, and go to state 37
    STRINGCONST  shift, and go to state 38
    ';'          shift, and go to state 39
    UNDEFINED    shift, and go to state 40
    ','          shift, and go to state 41
    '['          shift, and go to state 42
    ']'          shift, and go to state 43
    '('          shift, and go to state 44
    ')'          shift, and go to state 45
    '{'          shift, and go to state 46
    '}'          shift, and go to state 47
    '='          shift, and go to state 48
    '<'          shift, and go to state 49
    '>'          shift, and go to state 50
    '+'          shift, and go to state 51
    '-'          shift, and go to state 52
    '*'          shift, and go to state 53
    '/'          shift, and go to state 54
    '%'          shift, and go to state 55
    '?'          shift, and go to state 56
    ':'          shift, and go to state 57

    statementlist  go to state 58
    statement      go to state 59


state 1

    3 statement: INT .

    $default  reduce using rule 3 (statement)


state 2

    4 statement: ID .

    $default  reduce using rule 4 (statement)


state 3

    5 statement: BOOL .

    $default  reduce using rule 5 (statement)


state 4

   26 statement: BY .

    $default  reduce using rule 26 (statement)


state 5

    6 statement: BOOLCONST .

    $default  reduce using rule 6 (statement)


state 6

    7 statement: NUMCONST .

    $default  reduce using rule 7 (statement)


state 7

   28 statement: MIN .

    $default  reduce using rule 28 (statement)


state 8

   29 statement: MAX .

    $default  reduce using rule 29 (statement)


state 9

    8 statement: ADDASS .

    $default  reduce using rule 8 (statement)


state 10

    9 statement: SUBASS .

    $default  reduce using rule 9 (statement)


state 11

   10 statement: DIVASS .

    $default  reduce using rule 10 (statement)


state 12

   11 statement: MULASS .

    $default  reduce using rule 11 (statement)


state 13

   12 statement: EQ .

    $default  reduce using rule 12 (statement)


state 14

   13 statement: LEQ .

    $default  reduce using rule 13 (statement)


state 15

   14 statement: GEQ .

    $default  reduce using rule 14 (statement)


state 16

   15 statement: NEQ .

    $default  reduce using rule 15 (statement)


state 17

   16 statement: AND .

    $default  reduce using rule 16 (statement)


state 18

   17 statement: OR .

    $default  reduce using rule 17 (statement)


state 19

   18 statement: NOT .

    $default  reduce using rule 18 (statement)


state 20

   19 statement: IF .

    $default  reduce using rule 19 (statement)


state 21

   20 statement: THEN .

    $default  reduce using rule 20 (statement)


state 22

   21 statement: TO .

    $default  reduce using rule 21 (statement)


state 23

   22 statement: ELSIF .

    $default  reduce using rule 22 (statement)


state 24

   23 statement: ELSE .

    $default  reduce using rule 23 (statement)


state 25

   24 statement: WHILE .

    $default  reduce using rule 24 (statement)


state 26

   31 statement: FOR .

    $default  reduce using rule 31 (statement)


state 27

   25 statement: DO .

    $default  reduce using rule 25 (statement)


state 28

   27 statement: BREAK .

    $default  reduce using rule 27 (statement)


state 29

   30 statement: LOOP .

    $default  reduce using rule 30 (statement)


state 30

   32 statement: RANGE .

    $default  reduce using rule 32 (statement)


state 31

   33 statement: FOREVER .

    $default  reduce using rule 33 (statement)


state 32

   34 statement: STATIC .

    $default  reduce using rule 34 (statement)


state 33

   35 statement: RETURN .

    $default  reduce using rule 35 (statement)


state 34

   36 statement: CHAR .

    $default  reduce using rule 36 (statement)


state 35

   37 statement: DEC .

    $default  reduce using rule 37 (statement)


state 36

   38 statement: INC .

    $default  reduce using rule 38 (statement)


state 37

   39 statement: CHARCONST .

    $default  reduce using rule 39 (statement)


state 38

   40 statement: STRINGCONST .

    $default  reduce using rule 40 (statement)


state 39

   42 statement: ';' .

    $default  reduce using rule 42 (statement)


state 40

   41 statement: UNDEFINED .

    $default  reduce using rule 41 (statement)


state 41

   43 statement: ',' .

    $default  reduce using rule 43 (statement)


state 42

   44 statement: '[' .

    $default  reduce using rule 44 (statement)


state 43

   45 statement: ']' .

    $default  reduce using rule 45 (statement)


state 44

   46 statement: '(' .

    $default  reduce using rule 46 (statement)


state 45

   47 statement: ')' .

    $default  reduce using rule 47 (statement)


state 46

   48 statement: '{' .

    $default  reduce using rule 48 (statement)


state 47

   49 statement: '}' .

    $default  reduce using rule 49 (statement)


state 48

   50 statement: '=' .

    $default  reduce using rule 50 (statement)


state 49

   51 statement: '<' .

    $default  reduce using rule 51 (statement)


state 50

   52 statement: '>' .

    $default  reduce using rule 52 (statement)


state 51

   53 statement: '+' .

    $default  reduce using rule 53 (statement)


state 52

   54 statement: '-' .

    $default  reduce using rule 54 (statement)


state 53

   55 statement: '*' .

    $default  reduce using rule 55 (statement)


state 54

   56 statement: '/' .

    $default  reduce using rule 56 (statement)


state 55

   57 statement: '%' .

    $default  reduce using rule 57 (statement)


state 56

   58 statement: '?' .

    $default  reduce using rule 58 (statement)


state 57

   59 statement: ':' .

    $default  reduce using rule 59 (statement)


state 58

    0 $accept: statementlist . $end

    $end  shift, and go to state 60


state 59

    1 statementlist: statement .
    2              | statement . statementlist

    INT          shift, and go to state 1
    ID           shift, and go to state 2
    BOOL         shift, and go to state 3
    BY           shift, and go to state 4
    BOOLCONST    shift, and go to state 5
    NUMCONST     shift, and go to state 6
    MIN          shift, and go to state 7
    MAX          shift, and go to state 8
    ADDASS       shift, and go to state 9
    SUBASS       shift, and go to state 10
    DIVASS       shift, and go to state 11
    MULASS       shift, and go to state 12
    EQ           shift, and go to state 13
    LEQ          shift, and go to state 14
    GEQ          shift, and go to state 15
    NEQ          shift, and go to state 16
    AND          shift, and go to state 17
    OR           shift, and go to state 18
    NOT          shift, and go to state 19
    IF           shift, and go to state 20
    THEN         shift, and go to state 21
    TO           shift, and go to state 22
    ELSIF        shift, and go to state 23
    ELSE         shift, and go to state 24
    WHILE        shift, and go to state 25
    FOR          shift, and go to state 26
    DO           shift, and go to state 27
    BREAK        shift, and go to state 28
    LOOP         shift, and go to state 29
    RANGE        shift, and go to state 30
    FOREVER      shift, and go to state 31
    STATIC       shift, and go to state 32
    RETURN       shift, and go to state 33
    CHAR         shift, and go to state 34
    DEC          shift, and go to state 35
    INC          shift, and go to state 36
    CHARCONST    shift, and go to state 37
    STRINGCONST  shift, and go to state 38
    ';'          shift, and go to state 39
    UNDEFINED    shift, and go to state 40
    ','          shift, and go to state 41
    '['          shift, and go to state 42
    ']'          shift, and go to state 43
    '('          shift, and go to state 44
    ')'          shift, and go to state 45
    '{'          shift, and go to state 46
    '}'          shift, and go to state 47
    '='          shift, and go to state 48
    '<'          shift, and go to state 49
    '>'          shift, and go to state 50
    '+'          shift, and go to state 51
    '-'          shift, and go to state 52
    '*'          shift, and go to state 53
    '/'          shift, and go to state 54
    '%'          shift, and go to state 55
    '?'          shift, and go to state 56
    ':'          shift, and go to state 57

    $default  reduce using rule 1 (statementlist)

    statementlist  go to state 61
    statement      go to state 59


state 60

    0 $accept: statementlist $end .

    $default  accept


state 61

    2 statementlist: statement statementlist .

    $default  reduce using rule 2 (statementlist)
